  Character.cpp
C:\Users\jayes\Documents\University\Games Engine Creation\MarioProject\MarioProject\MarioProject\Character.h(3,10): fatal  error C1083: Cannot open include file: 'SDL.h': No such file or directory
  CharacterCoin.cpp
C:\Users\jayes\Documents\University\Games Engine Creation\MarioProject\MarioProject\MarioProject\Character.h(3,10): fatal  error C1083: Cannot open include file: 'SDL.h': No such file or directory
  CharacterKoopa.cpp
C:\Users\jayes\Documents\University\Games Engine Creation\MarioProject\MarioProject\MarioProject\Character.h(3,10): fatal  error C1083: Cannot open include file: 'SDL.h': No such file or directory
  CharacterLuigi.cpp
C:\Users\jayes\Documents\University\Games Engine Creation\MarioProject\MarioProject\MarioProject\Character.h(3,10): fatal  error C1083: Cannot open include file: 'SDL.h': No such file or directory
  CharacterMario.cpp
C:\Users\jayes\Documents\University\Games Engine Creation\MarioProject\MarioProject\MarioProject\Character.h(3,10): fatal  error C1083: Cannot open include file: 'SDL.h': No such file or directory
  Collisions.cpp
C:\Users\jayes\Documents\University\Games Engine Creation\MarioProject\MarioProject\MarioProject\Character.h(3,10): fatal  error C1083: Cannot open include file: 'SDL.h': No such file or directory
  GameScreen.cpp
C:\Users\jayes\Documents\University\Games Engine Creation\MarioProject\MarioProject\MarioProject\GameScreen.h(3,10): fatal  error C1083: Cannot open include file: 'SDL.h': No such file or directory
  GameScreenLevel1.cpp
C:\Users\jayes\Documents\University\Games Engine Creation\MarioProject\MarioProject\MarioProject\GameScreen.h(3,10): fatal  error C1083: Cannot open include file: 'SDL.h': No such file or directory
  GameScreenManager.cpp
C:\Users\jayes\Documents\University\Games Engine Creation\MarioProject\MarioProject\MarioProject\GameScreenManager.h(6,10): fatal  error C1083: Cannot open include file: 'SDL.h': No such file or directory
  GameScreenMenu.cpp
C:\Users\jayes\Documents\University\Games Engine Creation\MarioProject\MarioProject\MarioProject\Texture2D.h(4,10): fatal  error C1083: Cannot open include file: 'SDL.h': No such file or directory
  LevelMap.cpp
  MarioProject.cpp
C:\Users\jayes\Documents\University\Games Engine Creation\MarioProject\MarioProject\MarioProject\MarioProject.cpp(2,10): fatal  error C1083: Cannot open include file: 'SDL.h': No such file or directory
  PowBlock.cpp
C:\Users\jayes\Documents\University\Games Engine Creation\MarioProject\MarioProject\MarioProject\Texture2D.h(4,10): fatal  error C1083: Cannot open include file: 'SDL.h': No such file or directory
  TextRenderer.cpp
  Texture2D.cpp
C:\Users\jayes\Documents\University\Games Engine Creation\MarioProject\MarioProject\MarioProject\Texture2D.h(4,10): fatal  error C1083: Cannot open include file: 'SDL.h': No such file or directory
  Generating Code...
