c:\users\jayes\documents\university\games engine creation\marioproject\marioproject\marioproject\debug\vc142.pdb
c:\users\jayes\documents\university\games engine creation\marioproject\marioproject\marioproject\debug\vc142.idb
c:\users\jayes\documents\university\games engine creation\marioproject\marioproject\marioproject\debug\texture2d.obj
c:\users\jayes\documents\university\games engine creation\marioproject\marioproject\marioproject\debug\textrenderer.obj
c:\users\jayes\documents\university\games engine creation\marioproject\marioproject\marioproject\debug\powblock.obj
c:\users\jayes\documents\university\games engine creation\marioproject\marioproject\marioproject\debug\marioproject.obj
c:\users\jayes\documents\university\games engine creation\marioproject\marioproject\marioproject\debug\levelmap.obj
c:\users\jayes\documents\university\games engine creation\marioproject\marioproject\marioproject\debug\gamescreenmenu.obj
c:\users\jayes\documents\university\games engine creation\marioproject\marioproject\marioproject\debug\gamescreenmanager.obj
c:\users\jayes\documents\university\games engine creation\marioproject\marioproject\marioproject\debug\gamescreenlevel1.obj
c:\users\jayes\documents\university\games engine creation\marioproject\marioproject\marioproject\debug\gamescreen.obj
c:\users\jayes\documents\university\games engine creation\marioproject\marioproject\marioproject\debug\collisions.obj
c:\users\jayes\documents\university\games engine creation\marioproject\marioproject\marioproject\debug\charactermario.obj
c:\users\jayes\documents\university\games engine creation\marioproject\marioproject\marioproject\debug\characterluigi.obj
c:\users\jayes\documents\university\games engine creation\marioproject\marioproject\marioproject\debug\characterkoopa.obj
c:\users\jayes\documents\university\games engine creation\marioproject\marioproject\marioproject\debug\charactercoin.obj
c:\users\jayes\documents\university\games engine creation\marioproject\marioproject\marioproject\debug\character.obj
c:\users\jayes\documents\university\games engine creation\marioproject\marioproject\debug\marioproject.exe
c:\users\jayes\documents\university\games engine creation\marioproject\marioproject\marioproject\debug\marioproject.ilk
c:\users\jayes\documents\university\games engine creation\marioproject\marioproject\debug\marioproject.pdb
c:\users\jayes\documents\university\games engine creation\marioproject\marioproject\marioproject\debug\marioproject.tlog\cl.command.1.tlog
c:\users\jayes\documents\university\games engine creation\marioproject\marioproject\marioproject\debug\marioproject.tlog\cl.read.1.tlog
c:\users\jayes\documents\university\games engine creation\marioproject\marioproject\marioproject\debug\marioproject.tlog\cl.write.1.tlog
c:\users\jayes\documents\university\games engine creation\marioproject\marioproject\marioproject\debug\marioproject.tlog\link.command.1.tlog
c:\users\jayes\documents\university\games engine creation\marioproject\marioproject\marioproject\debug\marioproject.tlog\link.read.1.tlog
c:\users\jayes\documents\university\games engine creation\marioproject\marioproject\marioproject\debug\marioproject.tlog\link.write.1.tlog
